#
# There is insufficient memory for the Java Runtime Environment to continue.
# Native memory allocation (malloc) failed to allocate 4096 bytes for AllocateHeap
# Possible reasons:
#   The system is out of physical RAM or swap space
#   In 32 bit mode, the process size limit was hit
# Possible solutions:
#   Reduce memory load on the system
#   Increase physical memory or swap space
#   Check if swap backing store is full
#   Use 64 bit Java on a 64 bit OS
#   Decrease Java heap size (-Xmx/-Xms)
#   Decrease number of Java threads
#   Decrease Java thread stack sizes (-Xss)
#   Set larger code cache with -XX:ReservedCodeCacheSize=
# This output file may be truncated or incomplete.
#
#  Out of Memory Error (memory/allocation.inline.hpp:60), pid=13920, tid=12468
#
# JRE version: 7.0_25-b17
# Java VM: Java HotSpot(TM) Client VM (23.25-b01 mixed mode windows-x86 )
# Failed to write core dump. Minidumps are not enabled by default on client versions of Windows
#

---------------  T H R E A D  ---------------

Current thread (0x005bb800):  JavaThread "main" [_thread_in_vm, id=12468, stack(0x00680000,0x006d0000)]

Stack: [0x00680000,0x006d0000],  sp=0x006cef14,  free space=315k
Native frames: (J=compiled Java code, j=interpreted, Vv=VM code, C=native code)
V  [jvm.dll+0x167e31]
V  [jvm.dll+0x162255]
V  [jvm.dll+0x163219]
V  [jvm.dll+0x16327c]
V  [jvm.dll+0x275f8]
V  [jvm.dll+0x276d5]
V  [jvm.dll+0x27755]
V  [jvm.dll+0x792eb]
V  [jvm.dll+0x51a47]
j  sun.awt.resources.awt_zh_CN.getContents()[[Ljava/lang/Object;+2133
j  java.util.ListResourceBundle.loadLookup()V+9
j  java.util.ListResourceBundle.handleGetObject(Ljava/lang/String;)Ljava/lang/Object;+8
j  java.util.ResourceBundle.getObject(Ljava/lang/String;)Ljava/lang/Object;+2
j  java.util.ResourceBundle.getString(Ljava/lang/String;)Ljava/lang/String;+2
j  java.awt.Toolkit.getProperty(Ljava/lang/String;Ljava/lang/String;)Ljava/lang/String;+10
j  java.awt.Cursor.<init>(I)V+60
j  java.awt.Cursor.getPredefinedCursor(I)Ljava/awt/Cursor;+39
j  java.awt.Window.init(Ljava/awt/GraphicsConfiguration;)V+32
j  java.awt.Window.<init>()V+141
j  java.awt.Frame.<init>(Ljava/lang/String;)V+1
j  java.awt.Frame.<init>()V+3
j  javax.swing.JFrame.<init>()V+1
j  com.papteco.client.ui.RunClientApp.<init>()V+1
j  com.papteco.client.ui.RunClientApp.main([Ljava/lang/String;)V+10
v  ~StubRoutines::call_stub
V  [jvm.dll+0x124afa]
V  [jvm.dll+0x1d224e]
V  [jvm.dll+0x124b7d]
V  [jvm.dll+0xab0cf]
V  [jvm.dll+0xb5397]
C  [javaw.exe+0x206c]
C  [javaw.exe+0xa5b1]
C  [javaw.exe+0xa63b]
C  [kernel32.dll+0x4ed6c]
C  [ntdll.dll+0x6377b]
C  [ntdll.dll+0x6374e]

Java frames: (J=compiled Java code, j=interpreted, Vv=VM code)
j  sun.awt.resources.awt_zh_CN.getContents()[[Ljava/lang/Object;+2133
j  java.util.ListResourceBundle.loadLookup()V+9
j  java.util.ListResourceBundle.handleGetObject(Ljava/lang/String;)Ljava/lang/Object;+8
j  java.util.ResourceBundle.getObject(Ljava/lang/String;)Ljava/lang/Object;+2
j  java.util.ResourceBundle.getString(Ljava/lang/String;)Ljava/lang/String;+2
j  java.awt.Toolkit.getProperty(Ljava/lang/String;Ljava/lang/String;)Ljava/lang/String;+10
j  java.awt.Cursor.<init>(I)V+60
j  java.awt.Cursor.getPredefinedCursor(I)Ljava/awt/Cursor;+39
j  java.awt.Window.init(Ljava/awt/GraphicsConfiguration;)V+32
j  java.awt.Window.<init>()V+141
j  java.awt.Frame.<init>(Ljava/lang/String;)V+1
j  java.awt.Frame.<init>()V+3
j  javax.swing.JFrame.<init>()V+1
j  com.papteco.client.ui.RunClientApp.<init>()V+1
j  com.papteco.client.ui.RunClientApp.main([Ljava/lang/String;)V+10
v  ~StubRoutines::call_stub

---------------  P R O C E S S  ---------------

Java Threads: ( => current thread )
  0x03dc8400 JavaThread "Service Thread" daemon [_thread_blocked, id=11312, stack(0x04340000,0x04390000)]
  0x03dc3800 JavaThread "C1 CompilerThread0" daemon [_thread_blocked, id=13804, stack(0x04040000,0x04090000)]
  0x03dbe800 JavaThread "Attach Listener" daemon [_thread_blocked, id=10840, stack(0x04290000,0x042e0000)]
  0x03dbb400 JavaThread "Signal Dispatcher" daemon [_thread_blocked, id=2252, stack(0x04220000,0x04270000)]
  0x03d3f400 JavaThread "Finalizer" daemon [_thread_blocked, id=10584, stack(0x04170000,0x041c0000)]
  0x03d3a000 JavaThread "Reference Handler" daemon [_thread_blocked, id=6560, stack(0x040b0000,0x04100000)]
=>0x005bb800 JavaThread "main" [_thread_in_vm, id=12468, stack(0x00680000,0x006d0000)]

Other Threads:
  0x03d36800 VMThread [stack: 0x010a0000,0x010f0000] [id=12060]
  0x03de4800 WatcherThread [stack: 0x03f80000,0x03fd0000] [id=14308]

VM state:not at safepoint (normal execution)

VM Mutex/Monitor currently owned by a thread:  ([mutex/lock_event])
[0x005b8f48] StringTable_lock - owner thread: 0x005bb800

Heap
 def new generation   total 4928K, used 1310K [0x23b00000, 0x24050000, 0x29050000)
  eden space 4416K,  29% used [0x23b00000, 0x23c47a30, 0x23f50000)
  from space 512K,   0% used [0x23f50000, 0x23f50000, 0x23fd0000)
  to   space 512K,   0% used [0x23fd0000, 0x23fd0000, 0x24050000)
 tenured generation   total 10944K, used 0K [0x29050000, 0x29b00000, 0x33b00000)
   the space 10944K,   0% used [0x29050000, 0x29050000, 0x29050200, 0x29b00000)
 compacting perm gen  total 12288K, used 2748K [0x33b00000, 0x34700000, 0x37b00000)
   the space 12288K,  22% used [0x33b00000, 0x33daf390, 0x33daf400, 0x34700000)
No shared spaces configured.

Card table byte_map: [0x00ff0000,0x010a0000] byte_map_base: 0x00ed2800

Polling page: 0x00120000

Code Cache  [0x01d30000, 0x01dd8000, 0x03d30000)
 total_blobs=177 nmethods=26 adapters=87 free_code_cache=32123Kb largest_free_block=32894208

Compilation events (10 events):
Event: 0.215 Thread 0x03dc3800   21             java.lang.CharacterDataLatin1::toLowerCase (39 bytes)
Event: 0.216 Thread 0x03dc3800 nmethod 21 0x01dce948 code [0x01dcea40, 0x01dceb20]
Event: 0.216 Thread 0x03dc3800   22             java.util.LinkedList::indexOf (73 bytes)
Event: 0.216 Thread 0x03dc3800 nmethod 22 0x01dcec08 code [0x01dced20, 0x01dcee6c]
Event: 0.216 Thread 0x03dc3800   24             java.lang.String::replace (127 bytes)
Event: 0.216 Thread 0x03dc3800 nmethod 24 0x01dcef88 code [0x01dcf0a0, 0x01dcf310]
Event: 0.232 Thread 0x03dc3800   25             sun.nio.cs.UTF_8$Encoder::encode (361 bytes)
Event: 0.233 Thread 0x03dc3800 nmethod 25 0x01dcf548 code [0x01dcf6a0, 0x01dcfb28]
Event: 0.233 Thread 0x03dc3800   26             java.lang.Math::min (11 bytes)
Event: 0.233 Thread 0x03dc3800 nmethod 26 0x01dd0108 code [0x01dd0200, 0x01dd0270]

GC Heap History (0 events):
No events

Deoptimization events (0 events):
No events

Internal exceptions (10 events):
Event: 0.150 Thread 0x005bb800 Threw 0x23b9a6b8 at C:\jdk7u2_32P\jdk7u25\hotspot\src\share\vm\prims\jvm.cpp:1235
Event: 0.189 Thread 0x005bb800 Threw 0x23ba9990 at C:\jdk7u2_32P\jdk7u25\hotspot\src\share\vm\prims\jvm.cpp:1235
Event: 0.228 Thread 0x005bb800 Threw 0x23c12400 at C:\jdk7u2_32P\jdk7u25\hotspot\src\share\vm\prims\jvm.cpp:1235
Event: 0.231 Thread 0x005bb800 Threw 0x23c22e38 at C:\jdk7u2_32P\jdk7u25\hotspot\src\share\vm\prims\jvm.cpp:1235
Event: 0.231 Thread 0x005bb800 Threw 0x23c22f50 at C:\jdk7u2_32P\jdk7u25\hotspot\src\share\vm\prims\jvm.cpp:1235
Event: 0.232 Thread 0x005bb800 Threw 0x23c26a28 at C:\jdk7u2_32P\jdk7u25\hotspot\src\share\vm\prims\jvm.cpp:1235
Event: 0.232 Thread 0x005bb800 Threw 0x23c26b40 at C:\jdk7u2_32P\jdk7u25\hotspot\src\share\vm\prims\jvm.cpp:1235
Event: 0.232 Thread 0x005bb800 Threw 0x23c28e80 at C:\jdk7u2_32P\jdk7u25\hotspot\src\share\vm\prims\jvm.cpp:1235
Event: 0.233 Thread 0x005bb800 Threw 0x23c2ad88 at C:\jdk7u2_32P\jdk7u25\hotspot\src\share\vm\prims\jvm.cpp:1235
Event: 0.248 Thread 0x005bb800 Threw 0x23c2db90 at C:\jdk7u2_32P\jdk7u25\hotspot\src\share\vm\prims\jni.cpp:716

Events (10 events):
Event: 0.283 loading class 0x03dfcb90
Event: 0.284 loading class 0x03dfcb90 done
Event: 0.284 loading class 0x03e1e148
Event: 0.284 loading class 0x03e01908
Event: 0.284 loading class 0x03e01908 done
Event: 0.284 loading class 0x03e1e148 done
Event: 0.284 loading class 0x03eeedd0
Event: 0.284 loading class 0x03e1d2a8
Event: 0.284 loading class 0x03e1d2a8 done
Event: 0.284 loading class 0x03eeedd0 done


Dynamic libraries:
0x01100000 - 0x0112f000 	C:\Program Files\Java\jre7\bin\javaw.exe
0x77920000 - 0x77a5c000 	C:\Windows\SYSTEM32\ntdll.dll
0x773c0000 - 0x77494000 	C:\Windows\system32\kernel32.dll
0x75b50000 - 0x75b9b000 	C:\Windows\system32\KERNELBASE.dll
0x75ed0000 - 0x75f70000 	C:\Windows\system32\ADVAPI32.dll
0x77310000 - 0x773bc000 	C:\Windows\system32\msvcrt.dll
0x77ad0000 - 0x77ae9000 	C:\Windows\SYSTEM32\sechost.dll
0x76260000 - 0x76301000 	C:\Windows\system32\RPCRT4.dll
0x77640000 - 0x77709000 	C:\Windows\system32\USER32.dll
0x77af0000 - 0x77b3e000 	C:\Windows\system32\GDI32.dll
0x75f70000 - 0x75f7a000 	C:\Windows\system32\LPK.dll
0x77880000 - 0x7791d000 	C:\Windows\system32\USP10.dll
0x749e0000 - 0x74b7e000 	C:\Windows\WinSxS\x86_microsoft.windows.common-controls_6595b64144ccf1df_6.0.7601.17514_none_41e6975e2bd6f2b2\COMCTL32.dll
0x77710000 - 0x77767000 	C:\Windows\system32\SHLWAPI.dll
0x77a90000 - 0x77aaf000 	C:\Windows\system32\IMM32.DLL
0x75f80000 - 0x7604c000 	C:\Windows\system32\MSCTF.dll
0x6dec0000 - 0x6df7e000 	C:\Program Files\Java\jre7\bin\msvcr100.dll
0x61670000 - 0x619b2000 	C:\Program Files\Java\jre7\bin\client\jvm.dll
0x67b80000 - 0x67b87000 	C:\Windows\system32\WSOCK32.dll
0x77600000 - 0x77635000 	C:\Windows\system32\WS2_32.dll
0x77ac0000 - 0x77ac6000 	C:\Windows\system32\NSI.dll
0x70b60000 - 0x70b92000 	C:\Windows\system32\WINMM.dll
0x77ab0000 - 0x77ab5000 	C:\Windows\system32\PSAPI.DLL
0x74920000 - 0x7492c000 	C:\Program Files\Java\jre7\bin\verify.dll
0x72f50000 - 0x72f70000 	C:\Program Files\Java\jre7\bin\java.dll
0x72f10000 - 0x72f23000 	C:\Program Files\Java\jre7\bin\zip.dll
0x6d940000 - 0x6da84000 	C:\Program Files\Java\jre7\bin\awt.dll
0x777f0000 - 0x7787f000 	C:\Windows\system32\OLEAUT32.dll
0x774a0000 - 0x775fc000 	C:\Windows\system32\ole32.dll
0x72ef0000 - 0x72f04000 	C:\Program Files\Java\jre7\bin\net.dll
0x754f0000 - 0x7552c000 	C:\Windows\system32\mswsock.dll
0x754e0000 - 0x754e6000 	C:\Windows\System32\wship6.dll
0x74480000 - 0x7448f000 	C:\Program Files\Java\jre7\bin\nio.dll

VM Arguments:
jvm_args: -Dfile.encoding=UTF-8 
java_command: com.papteco.client.ui.RunClientApp
Launcher Type: SUN_STANDARD

Environment Variables:
JAVA_HOME=C:\Program Files\Java\jdk1.6.0_21
PATH=C:/Program Files/Java/jre7/bin/client;C:/Program Files/Java/jre7/bin;C:/Program Files/Java/jre7/lib/i386;C:\Windows\system32;C:\Windows;C:\Windows\System32\Wbem;C:\Windows\System32\WindowsPowerShell\v1.0\;C:\apache-maven-3.1.0\bin;;C:\eclipse;
USERNAME=Cony
OS=Windows_NT
PROCESSOR_IDENTIFIER=x86 Family 6 Model 42 Stepping 7, GenuineIntel



---------------  S Y S T E M  ---------------

OS: Windows 7 Build 7601 Service Pack 1

CPU:total 4 (2 cores per cpu, 2 threads per core) family 6 model 42 stepping 7, cmov, cx8, fxsr, mmx, sse, sse2, sse3, ssse3, sse4.1, sse4.2, popcnt, avx, ht, tsc, tscinvbit

Memory: 4k page, physical 2269936k(241864k free), swap 2313680k(5060k free)

vm_info: Java HotSpot(TM) Client VM (23.25-b01) for windows-x86 JRE (1.7.0_25-b17), built on Jun 21 2013 13:06:48 by "java_re" with unknown MS VC++:1600

time: Thu Oct 24 02:33:15 2013
elapsed time: 0 seconds

